talkback/build/intermediates/manifest_merge_blame_file/debug/manifest-merger-blame-debug-report.txt
1<?xml version="1.0" encoding="utf-8"?>
2<manifest xmlns:android="http://schemas.android.com/apk/res/android"
3    xmlns:tools="http://schemas.android.com/tools"
4    package="com.google.android.accessibility.talkback" >
5
6    <uses-sdk android:minSdkVersion="23" />
6-->src\main\AndroidManifest.xml
7
8    <!--
9    Strings with the format ${foo}, such as ${applicationId}, are called
10    placeholders, and they get replaced by the build system with the appropriate
11    value when a build executes.
12    -->
13
14
15    <!-- Behavior change since Android 11. -->
16    <queries>
16-->src\main\AndroidManifest.xml:11:5-19:15
17        <intent>
17-->src\main\AndroidManifest.xml:12:9-14:18
18            <action android:name="android.intent.action.TTS_SERVICE" />
18-->src\main\AndroidManifest.xml:13:13-72
18-->src\main\AndroidManifest.xml:13:21-69
19        </intent>
20        <intent>
20-->src\main\AndroidManifest.xml:12:9-14:18
21            <action android:name="android.speech.RecognitionService" />
21-->src\main\AndroidManifest.xml:16:13-17:68
21-->src\main\AndroidManifest.xml:17:17-65
22        </intent>
23    </queries>
24
25    <!-- Permission used to restrict storing and retrieving custom view labels. -->
26    <!-- TODO This permission can go away -->
27    <permission
28        android:name="dollar_openBracket_applicationId_closeBracket.permission.LABELING"
29        android:description="@string/permission_labeling_desc"
30        android:icon="@drawable/icon"
31        android:label="@string/permission_labeling_label"
32        android:protectionLevel="signature" />
33
34    <!-- Used by voice commands. -->
35    <uses-feature
35-->src\main\AndroidManifest.xml:31:5-89
36        android:name="android.hardware.microphone"
36-->src\main\AndroidManifest.xml:31:19-61
37        android:required="false" />
37-->src\main\AndroidManifest.xml:31:62-86
38    <uses-feature
38-->src\main\AndroidManifest.xml:32:5-87
39        android:name="android.hardware.location"
39-->src\main\AndroidManifest.xml:32:19-59
40        android:required="false" />
40-->src\main\AndroidManifest.xml:32:60-84
41
42    <!-- Required for fingerprint gesture. -->
43    <uses-permission android:name="android.permission.USE_FINGERPRINT" />
43-->src\main\AndroidManifest.xml:35:5-74
43-->src\main\AndroidManifest.xml:35:22-71
44
45    <!-- Required to monitor phone busy state. -->
46    <uses-permission android:name="android.permission.READ_PHONE_STATE" />
46-->src\main\AndroidManifest.xml:38:5-75
46-->src\main\AndroidManifest.xml:38:22-72
47
48    <!-- Required for haptic feedback. -->
49    <uses-permission android:name="android.permission.VIBRATE" />
49-->src\main\AndroidManifest.xml:41:5-66
49-->src\main\AndroidManifest.xml:41:22-63
50
51    <!-- Required for keeping the screen awake during continuous reading and key filtering. -->
52    <uses-permission android:name="android.permission.WAKE_LOCK" />
52-->src\main\AndroidManifest.xml:44:5-68
52-->src\main\AndroidManifest.xml:44:22-65
53
54    <!-- Required for labeling. -->
55    <uses-permission android:name="dollar_openBracket_applicationId_closeBracket.permission.LABELING" />
56
57    <!-- Required for managing audio levels on GB. -->
58    <uses-permission android:name="android.permission.MODIFY_AUDIO_SETTINGS" />
58-->src\main\AndroidManifest.xml:50:5-80
58-->src\main\AndroidManifest.xml:50:22-77
59
60    <!-- Required for speech recognition and hearing user's audio -->
61    <uses-permission android:name="android.permission.RECORD_AUDIO" />
61-->src\main\AndroidManifest.xml:53:5-71
61-->src\main\AndroidManifest.xml:53:22-68
62
63    <!-- Required for App Enumeration -->
64    <uses-permission android:name="android.permission.QUERY_ALL_PACKAGES" />
64-->src\main\AndroidManifest.xml:56:5-76
64-->src\main\AndroidManifest.xml:56:22-74
65
66    <!-- Required for sending data to Google Analytics. -->
67    <uses-permission android:name="android.permission.INTERNET" />
67-->src\main\AndroidManifest.xml:59:5-67
67-->src\main\AndroidManifest.xml:59:22-64
68    <uses-permission android:name="android.permission.ACCESS_NETWORK_STATE" />
68-->src\main\AndroidManifest.xml:60:5-79
68-->src\main\AndroidManifest.xml:60:22-76
69    <uses-permission android:name="android.permission.RECEIVE_BOOT_COMPLETED" />
69-->src\main\AndroidManifest.xml:62:5-81
69-->src\main\AndroidManifest.xml:62:22-78
70
71    <!-- Required for reading bluetooth headphone state. -->
72    <uses-permission android:name="android.permission.BLUETOOTH" />
72-->src\main\AndroidManifest.xml:65:5-68
72-->src\main\AndroidManifest.xml:65:22-65
73
74    <!-- Required for calling Service.startForeground after API 28. -->
75    <uses-permission android:name="android.permission.FOREGROUND_SERVICE" />
75-->src\main\AndroidManifest.xml:68:5-77
75-->src\main\AndroidManifest.xml:68:22-74
76
77    <!-- Required for Primes. -->
78    <uses-permission android:name="android.permission.GET_PACKAGE_SIZE" />
78-->src\main\AndroidManifest.xml:71:5-75
78-->src\main\AndroidManifest.xml:71:22-72
79
80    <!-- Used to control Primes collection using Gservices flags -->
81    <uses-permission android:name="com.google.android.providers.gsf.permission.READ_GSERVICES" />
81-->src\main\AndroidManifest.xml:74:5-98
81-->src\main\AndroidManifest.xml:74:22-95
82
83    <!-- Hardware compatibility. -->
84    <uses-feature
84-->src\main\AndroidManifest.xml:77:5-79:36
85        android:name="android.hardware.touchscreen"
85-->src\main\AndroidManifest.xml:78:9-52
86        android:required="false" />
86-->src\main\AndroidManifest.xml:79:9-33
87    <uses-feature
87-->src\main\AndroidManifest.xml:80:5-82:36
88        android:name="android.hardware.sensor.accelerometer"
88-->src\main\AndroidManifest.xml:81:9-61
89        android:required="false" />
89-->src\main\AndroidManifest.xml:82:9-33
90    <!-- Bluetooth is flagged as required by android.permission.BLUETOOTH, so make it optional -->
91    <uses-feature
91-->src\main\AndroidManifest.xml:84:5-86:36
92        android:name="android.hardware.bluetooth"
92-->src\main\AndroidManifest.xml:85:9-50
93        android:required="false" />
93-->src\main\AndroidManifest.xml:86:9-33
94
95    <application android:supportsRtl="true" >
95-->src\main\AndroidManifest.xml:88:5-431:19
95-->src\main\AndroidManifest.xml:89:9-35
96        <receiver
96-->src\main\AndroidManifest.xml:91:9-99:20
97            android:name="com.google.android.accessibility.talkback.BootReceiver"
97-->src\main\AndroidManifest.xml:91:19-88
98            android:directBootAware="true"
98-->src\main\AndroidManifest.xml:92:13-43
99            android:exported="true" >
99-->src\main\AndroidManifest.xml:93:13-36
100            <intent-filter>
100-->src\main\AndroidManifest.xml:94:13-98:29
101                <action android:name="android.intent.action.LOCKED_BOOT_COMPLETED" />
101-->src\main\AndroidManifest.xml:95:17-85
101-->src\main\AndroidManifest.xml:95:25-83
102                <action android:name="android.intent.action.BOOT_COMPLETED" />
102-->src\main\AndroidManifest.xml:96:17-78
102-->src\main\AndroidManifest.xml:96:25-76
103
104                <category android:name="android.intent.category.DEFAULT" />
104-->src\main\AndroidManifest.xml:97:17-76
104-->src\main\AndroidManifest.xml:97:27-73
105            </intent-filter>
106        </receiver>
107
108        <!-- TalkBack -->
109        <service
109-->src\main\AndroidManifest.xml:102:9-121:19
110            android:name="com.google.android.marvin.talkback.TalkBackService"
110-->src\main\AndroidManifest.xml:104:13-78
111            android:directBootAware="true"
111-->src\main\AndroidManifest.xml:109:13-43
112            android:exported="true"
112-->src\main\AndroidManifest.xml:105:13-36
113            android:icon="@drawable/icon"
113-->src\main\AndroidManifest.xml:103:13-42
114            android:label="@string/talkback_title"
114-->src\main\AndroidManifest.xml:106:13-51
115            android:permission="android.permission.BIND_ACCESSIBILITY_SERVICE"
115-->src\main\AndroidManifest.xml:107:13-79
116            android:settingsActivity="com.android.talkback.TalkBackPreferencesActivity" >
116-->src\main\AndroidManifest.xml:108:13-88
117            <intent-filter>
117-->src\main\AndroidManifest.xml:110:13-116:29
118                <action android:name="android.accessibilityservice.AccessibilityService" />
118-->src\main\AndroidManifest.xml:111:17-92
118-->src\main\AndroidManifest.xml:111:25-89
119
120                <category android:name="android.accessibilityservice.category.FEEDBACK_AUDIBLE" />
120-->src\main\AndroidManifest.xml:113:17-99
120-->src\main\AndroidManifest.xml:113:27-96
121                <category android:name="android.accessibilityservice.category.FEEDBACK_HAPTIC" />
121-->src\main\AndroidManifest.xml:114:17-98
121-->src\main\AndroidManifest.xml:114:27-95
122                <category android:name="android.accessibilityservice.category.FEEDBACK_SPOKEN" />
122-->src\main\AndroidManifest.xml:115:17-98
122-->src\main\AndroidManifest.xml:115:27-95
123            </intent-filter>
124
125            <meta-data
125-->src\main\AndroidManifest.xml:118:13-120:64
126                android:name="android.accessibilityservice"
126-->src\main\AndroidManifest.xml:119:17-60
127                android:resource="@xml/accessibilityservice" />
127-->src\main\AndroidManifest.xml:120:17-61
128        </service>
129
130        <!-- TalkBack Preferences -->
131        <activity
131-->src\main\AndroidManifest.xml:124:9-138:20
132            android:name="com.android.talkback.TalkBackPreferencesActivity"
132-->src\main\AndroidManifest.xml:125:13-76
133            android:configChanges="orientation|screenSize"
133-->src\main\AndroidManifest.xml:126:13-59
134            android:exported="true"
134-->src\main\AndroidManifest.xml:127:13-36
135            android:label="@string/talkback_preferences_title"
135-->src\main\AndroidManifest.xml:128:13-63
136            android:launchMode="singleTop"
136-->src\main\AndroidManifest.xml:129:13-43
137            android:taskAffinity="com.google.android.accessibility.talkback.SettingsAffinity"
137-->src\main\AndroidManifest.xml:130:13-94
138            android:theme="@style/TalkBackSettings"
138-->src\main\AndroidManifest.xml:131:13-52
139            tools:ignore="ExportedActivity" >
139-->src\main\AndroidManifest.xml:132:13-44
140            <intent-filter>
140-->src\main\AndroidManifest.xml:133:13-137:29
141                <action android:name="android.intent.action.MAIN" />
141-->src\main\AndroidManifest.xml:134:17-69
141-->src\main\AndroidManifest.xml:134:25-66
142
143                <category android:name="android.accessibilityservice.SERVICE_SETTINGS" />
143-->src\main\AndroidManifest.xml:136:17-90
143-->src\main\AndroidManifest.xml:136:27-87
144            </intent-filter>
145        </activity>
146
147        <!-- TalkBack Gesture Shortcut Preferences -->
148        <activity
148-->src\main\AndroidManifest.xml:141:9-155:20
149            android:name="com.google.android.accessibility.talkback.preference.TalkBackShortcutPreferencesActivity"
149-->src\main\AndroidManifest.xml:142:13-116
150            android:configChanges="orientation|screenSize"
150-->src\main\AndroidManifest.xml:148:13-59
151            android:exported="true"
151-->src\main\AndroidManifest.xml:143:13-36
152            android:label="@string/title_pref_category_manage_gestures"
152-->src\main\AndroidManifest.xml:144:13-72
153            android:launchMode="singleTop"
153-->src\main\AndroidManifest.xml:145:13-43
154            android:taskAffinity="com.google.android.accessibility.talkback.SettingsAffinity"
154-->src\main\AndroidManifest.xml:146:13-94
155            android:theme="@style/TalkBackSettings"
155-->src\main\AndroidManifest.xml:147:13-52
156            tools:ignore="ExportedActivity" >
156-->src\main\AndroidManifest.xml:149:13-44
157
158            <!-- This preference activity can receive an implicit intent action -->
159            <intent-filter>
159-->src\main\AndroidManifest.xml:151:13-154:29
160                <action android:name=".TalkBackShortcutPreferencesActivity" />
160-->src\main\AndroidManifest.xml:152:17-79
160-->src\main\AndroidManifest.xml:152:25-76
161
162                <category android:name="android.intent.category.DEFAULT" />
162-->src\main\AndroidManifest.xml:97:17-76
162-->src\main\AndroidManifest.xml:97:27-73
163            </intent-filter>
164        </activity>
165
166        <!-- TalkBack Voice Commands Mic Activity Preference -->
167        <activity
167-->src\main\AndroidManifest.xml:158:9-164:20
168            android:name="com.google.android.accessibility.talkback.actor.voicecommands.SpeechRecognitionMicActivity"
168-->src\main\AndroidManifest.xml:159:13-118
169            android:excludeFromRecents="true"
169-->src\main\AndroidManifest.xml:160:13-46
170            android:exported="false"
170-->src\main\AndroidManifest.xml:162:13-37
171            android:noHistory="false"
171-->src\main\AndroidManifest.xml:163:13-38
172            android:theme="@style/BlankActivityTheme" >
172-->src\main\AndroidManifest.xml:161:13-54
173        </activity>
174
175        <!-- TalkBack Keyboard Shortcut Preferences -->
176        <activity
176-->src\main\AndroidManifest.xml:167:9-180:20
177            android:name="com.google.android.accessibility.talkback.preference.TalkBackKeyboardShortcutPreferencesActivity"
177-->src\main\AndroidManifest.xml:168:13-124
178            android:exported="false"
178-->src\main\AndroidManifest.xml:169:13-37
179            android:label="@string/title_pref_manage_keyboard_shortcuts"
179-->src\main\AndroidManifest.xml:170:13-73
180            android:launchMode="singleTop"
180-->src\main\AndroidManifest.xml:171:13-43
181            android:taskAffinity="com.google.android.accessibility.talkback.SettingsAffinity"
181-->src\main\AndroidManifest.xml:172:13-94
182            android:theme="@style/TalkBackSettings"
182-->src\main\AndroidManifest.xml:173:13-52
183            tools:ignore="ExportedActivity" >
183-->src\main\AndroidManifest.xml:174:13-44
184
185            <!-- This preference activity can receive an implicit intent action -->
186            <intent-filter>
186-->src\main\AndroidManifest.xml:176:13-179:29
187                <action android:name=".TalkBackKeyboardShortcutPreferencesActivity" />
187-->src\main\AndroidManifest.xml:177:17-87
187-->src\main\AndroidManifest.xml:177:25-84
188
189                <category android:name="android.intent.category.DEFAULT" />
189-->src\main\AndroidManifest.xml:97:17-76
189-->src\main\AndroidManifest.xml:97:27-73
190            </intent-filter>
191        </activity>
192
193        <!-- TalkBack Verbosity Preferences -->
194        <activity
194-->src\main\AndroidManifest.xml:183:9-197:20
195            android:name="com.google.android.accessibility.talkback.preference.TalkBackVerbosityPreferencesActivity"
195-->src\main\AndroidManifest.xml:184:13-117
196            android:configChanges="orientation|screenSize"
196-->src\main\AndroidManifest.xml:190:13-59
197            android:exported="false"
197-->src\main\AndroidManifest.xml:185:13-37
198            android:label="@string/pref_verbosity_title"
198-->src\main\AndroidManifest.xml:186:13-57
199            android:launchMode="singleTop"
199-->src\main\AndroidManifest.xml:187:13-43
200            android:taskAffinity="com.google.android.accessibility.talkback.SettingsAffinity"
200-->src\main\AndroidManifest.xml:188:13-94
201            android:theme="@style/TalkBackSettings"
201-->src\main\AndroidManifest.xml:189:13-52
202            tools:ignore="ExportedActivity" >
202-->src\main\AndroidManifest.xml:191:13-44
203
204            <!-- This preference activity can receive an implicit intent action -->
205            <intent-filter>
205-->src\main\AndroidManifest.xml:193:13-196:29
206                <action android:name=".TalkBackVerbosityPreferencesActivity" />
206-->src\main\AndroidManifest.xml:194:17-80
206-->src\main\AndroidManifest.xml:194:25-77
207
208                <category android:name="android.intent.category.DEFAULT" />
208-->src\main\AndroidManifest.xml:97:17-76
208-->src\main\AndroidManifest.xml:97:27-73
209            </intent-filter>
210        </activity>
211
212        <!-- TalkBack dump event preferences -->
213        <activity
213-->src\main\AndroidManifest.xml:200:9-212:20
214            android:name="com.google.android.accessibility.talkback.preference.TalkBackDumpAccessibilityEventActivity"
214-->src\main\AndroidManifest.xml:201:13-119
215            android:exported="false"
215-->src\main\AndroidManifest.xml:202:13-37
216            android:label="@string/title_activity_dump_a11y_event"
216-->src\main\AndroidManifest.xml:203:13-67
217            android:launchMode="singleTop"
217-->src\main\AndroidManifest.xml:204:13-43
218            android:taskAffinity="com.google.android.accessibility.talkback.SettingsAffinity"
218-->src\main\AndroidManifest.xml:205:13-94
219            android:theme="@style/TalkBackSettings" >
219-->src\main\AndroidManifest.xml:206:13-52
220
221            <!-- This preference activity can receive an implicit intent action -->
222            <intent-filter>
222-->src\main\AndroidManifest.xml:208:13-211:29
223                <action android:name=".TalkBackDumpAccessibilityEventActivity" />
223-->src\main\AndroidManifest.xml:209:17-82
223-->src\main\AndroidManifest.xml:209:25-79
224
225                <category android:name="android.intent.category.DEFAULT" />
225-->src\main\AndroidManifest.xml:97:17-76
225-->src\main\AndroidManifest.xml:97:27-73
226            </intent-filter>
227        </activity>
228
229        <!-- TalkBack customize menus Preferences -->
230        <activity
230-->src\main\AndroidManifest.xml:215:9-228:20
231            android:name="com.google.android.accessibility.talkback.preference.TalkBackCustomizeMenusPreferencesActivity"
231-->src\main\AndroidManifest.xml:216:13-122
232            android:configChanges="orientation|screenSize"
232-->src\main\AndroidManifest.xml:217:13-59
233            android:exported="false"
233-->src\main\AndroidManifest.xml:218:13-37
234            android:label="@string/title_pref_manage_customize_menus"
234-->src\main\AndroidManifest.xml:219:13-70
235            android:launchMode="singleTop"
235-->src\main\AndroidManifest.xml:220:13-43
236            android:taskAffinity="com.google.android.accessibility.talkback.SettingsAffinity"
236-->src\main\AndroidManifest.xml:221:13-94
237            android:theme="@style/TalkBackSettings" >
237-->src\main\AndroidManifest.xml:222:13-52
238
239            <!-- This preference activity can receive an implicit intent action -->
240            <intent-filter>
240-->src\main\AndroidManifest.xml:224:13-227:29
241                <action android:name=".preference.TalkBackCustomizeMenusPreferencesActivity" />
241-->src\main\AndroidManifest.xml:225:17-96
241-->src\main\AndroidManifest.xml:225:25-93
242
243                <category android:name="android.intent.category.DEFAULT" />
243-->src\main\AndroidManifest.xml:97:17-76
243-->src\main\AndroidManifest.xml:97:27-73
244            </intent-filter>
245        </activity>
246
247        <!-- TalkBack customize Talkback context menu Preferences -->
248        <activity
248-->src\main\AndroidManifest.xml:231:9-244:20
249            android:name="com.google.android.accessibility.talkback.preference.TalkBackContextMenuPreferencesActivity"
249-->src\main\AndroidManifest.xml:232:13-119
250            android:configChanges="orientation|screenSize"
250-->src\main\AndroidManifest.xml:233:13-59
251            android:exported="false"
251-->src\main\AndroidManifest.xml:234:13-37
252            android:label="@string/title_pref_category_context_menu"
252-->src\main\AndroidManifest.xml:235:13-69
253            android:launchMode="singleTop"
253-->src\main\AndroidManifest.xml:236:13-43
254            android:taskAffinity="com.google.android.accessibility.talkback.SettingsAffinity"
254-->src\main\AndroidManifest.xml:237:13-94
255            android:theme="@style/TalkBackSettings" >
255-->src\main\AndroidManifest.xml:238:13-52
256
257            <!-- This preference activity can receive an implicit intent action -->
258            <intent-filter>
258-->src\main\AndroidManifest.xml:240:13-243:29
259                <action android:name=".preference.TalkBackContextMenuPreferencesActivity" />
259-->src\main\AndroidManifest.xml:241:17-93
259-->src\main\AndroidManifest.xml:241:25-90
260
261                <category android:name="android.intent.category.DEFAULT" />
261-->src\main\AndroidManifest.xml:97:17-76
261-->src\main\AndroidManifest.xml:97:27-73
262            </intent-filter>
263        </activity>
264
265        <!-- TalkBack customize Talkback navigation menu Preferences -->
266        <activity
266-->src\main\AndroidManifest.xml:247:9-260:20
267            android:name="com.google.android.accessibility.talkback.preference.TalkBackNavigationMenuPreferencesActivity"
267-->src\main\AndroidManifest.xml:248:13-122
268            android:configChanges="orientation|screenSize"
268-->src\main\AndroidManifest.xml:249:13-59
269            android:exported="false"
269-->src\main\AndroidManifest.xml:250:13-37
270            android:label="@string/title_pref_category_navigation_menu"
270-->src\main\AndroidManifest.xml:251:13-72
271            android:launchMode="singleTop"
271-->src\main\AndroidManifest.xml:252:13-43
272            android:taskAffinity="com.google.android.accessibility.talkback.SettingsAffinity"
272-->src\main\AndroidManifest.xml:253:13-94
273            android:theme="@style/TalkBackSettings" >
273-->src\main\AndroidManifest.xml:254:13-52
274
275            <!-- This preference activity can receive an implicit intent action -->
276            <intent-filter>
276-->src\main\AndroidManifest.xml:256:13-259:29
277                <action android:name=".preference.TalkBackNavigationMenuPreferencesActivity" />
277-->src\main\AndroidManifest.xml:257:17-96
277-->src\main\AndroidManifest.xml:257:25-93
278
279                <category android:name="android.intent.category.DEFAULT" />
279-->src\main\AndroidManifest.xml:97:17-76
279-->src\main\AndroidManifest.xml:97:27-73
280            </intent-filter>
281        </activity>
282
283        <!-- TalkBack customize Talkback selector menu Preferences -->
284        <activity
284-->src\main\AndroidManifest.xml:263:9-276:20
285            android:name="com.google.android.accessibility.talkback.preference.TalkBackSelectorMenuPreferencesActivity"
285-->src\main\AndroidManifest.xml:264:13-120
286            android:configChanges="orientation|screenSize"
286-->src\main\AndroidManifest.xml:265:13-59
287            android:exported="false"
287-->src\main\AndroidManifest.xml:266:13-37
288            android:label="@string/title_pref_category_selector_menu"
288-->src\main\AndroidManifest.xml:267:13-70
289            android:launchMode="singleTop"
289-->src\main\AndroidManifest.xml:268:13-43
290            android:taskAffinity="com.google.android.accessibility.talkback.SettingsAffinity"
290-->src\main\AndroidManifest.xml:269:13-94
291            android:theme="@style/TalkBackSettings" >
291-->src\main\AndroidManifest.xml:270:13-52
292
293            <!-- This preference activity can receive an implicit intent action -->
294            <intent-filter>
294-->src\main\AndroidManifest.xml:272:13-275:29
295                <action android:name=".preference.TalkBackSelectorMenuPreferencesActivity" />
295-->src\main\AndroidManifest.xml:273:17-94
295-->src\main\AndroidManifest.xml:273:25-91
296
297                <category android:name="android.intent.category.DEFAULT" />
297-->src\main\AndroidManifest.xml:97:17-76
297-->src\main\AndroidManifest.xml:97:27-73
298            </intent-filter>
299        </activity>
300
301        <!-- TalkBack sound and vibration preferences -->
302        <activity
302-->src\main\AndroidManifest.xml:279:9-292:20
303            android:name="com.google.android.accessibility.talkback.preference.TalkBackSoundAndVibrationPreferencesActivity"
303-->src\main\AndroidManifest.xml:280:13-125
304            android:configChanges="orientation|screenSize"
304-->src\main\AndroidManifest.xml:281:13-59
305            android:exported="false"
305-->src\main\AndroidManifest.xml:282:13-37
306            android:label="@string/title_pref_sound_and_vibration"
306-->src\main\AndroidManifest.xml:283:13-67
307            android:launchMode="singleTop"
307-->src\main\AndroidManifest.xml:284:13-43
308            android:taskAffinity="com.google.android.accessibility.talkback.SettingsAffinity"
308-->src\main\AndroidManifest.xml:285:13-94
309            android:theme="@style/TalkBackSettings" >
309-->src\main\AndroidManifest.xml:286:13-52
310
311            <!-- This preference activity can receive an implicit intent action -->
312            <intent-filter>
312-->src\main\AndroidManifest.xml:288:13-291:29
313                <action android:name=".preference.TalkBackSoundAndVibrationPreferencesActivity" />
313-->src\main\AndroidManifest.xml:289:17-99
313-->src\main\AndroidManifest.xml:289:25-96
314
315                <category android:name="android.intent.category.DEFAULT" />
315-->src\main\AndroidManifest.xml:97:17-76
315-->src\main\AndroidManifest.xml:97:27-73
316            </intent-filter>
317        </activity>
318
319        <!-- TalkBack tutorial and help preferences -->
320        <activity
320-->src\main\AndroidManifest.xml:295:9-308:20
321            android:name="com.google.android.accessibility.talkback.preference.TalkBackHelpPreferencesActivity"
321-->src\main\AndroidManifest.xml:296:13-112
322            android:configChanges="orientation|screenSize"
322-->src\main\AndroidManifest.xml:297:13-59
323            android:exported="false"
323-->src\main\AndroidManifest.xml:298:13-37
324            android:label="@string/title_pref_category_tutorial_and_help"
324-->src\main\AndroidManifest.xml:299:13-74
325            android:launchMode="singleTop"
325-->src\main\AndroidManifest.xml:300:13-43
326            android:taskAffinity="com.google.android.accessibility.talkback.SettingsAffinity"
326-->src\main\AndroidManifest.xml:301:13-94
327            android:theme="@style/TalkBackSettings" >
327-->src\main\AndroidManifest.xml:302:13-52
328
329            <!-- This preference activity can receive an implicit intent action -->
330            <intent-filter>
330-->src\main\AndroidManifest.xml:304:13-307:29
331                <action android:name=".preference.TalkBackHelpPreferencesActivity" />
331-->src\main\AndroidManifest.xml:305:17-86
331-->src\main\AndroidManifest.xml:305:25-83
332
333                <category android:name="android.intent.category.DEFAULT" />
333-->src\main\AndroidManifest.xml:97:17-76
333-->src\main\AndroidManifest.xml:97:27-73
334            </intent-filter>
335        </activity>
336
337        <!-- TalkBack advanced preferences -->
338        <activity
338-->src\main\AndroidManifest.xml:311:9-324:20
339            android:name="com.google.android.accessibility.talkback.preference.TalkBackAdvancedPreferencesActivity"
339-->src\main\AndroidManifest.xml:312:13-116
340            android:configChanges="orientation|screenSize"
340-->src\main\AndroidManifest.xml:313:13-59
341            android:exported="false"
341-->src\main\AndroidManifest.xml:314:13-37
342            android:label="@string/title_pref_advanced_settings"
342-->src\main\AndroidManifest.xml:315:13-65
343            android:launchMode="singleTop"
343-->src\main\AndroidManifest.xml:316:13-43
344            android:taskAffinity="com.google.android.accessibility.talkback.SettingsAffinity"
344-->src\main\AndroidManifest.xml:317:13-94
345            android:theme="@style/TalkBackSettings" >
345-->src\main\AndroidManifest.xml:318:13-52
346
347            <!-- This preference activity can receive an implicit intent action -->
348            <intent-filter>
348-->src\main\AndroidManifest.xml:320:13-323:29
349                <action android:name=".preference.TalkBackAdvancedPreferencesActivity" />
349-->src\main\AndroidManifest.xml:321:17-90
349-->src\main\AndroidManifest.xml:321:25-87
350
351                <category android:name="android.intent.category.DEFAULT" />
351-->src\main\AndroidManifest.xml:97:17-76
351-->src\main\AndroidManifest.xml:97:27-73
352            </intent-filter>
353        </activity>
354
355        <!-- TalkBack developer Preferences -->
356        <activity
356-->src\main\AndroidManifest.xml:327:9-340:20
357            android:name="com.google.android.accessibility.talkback.preference.TalkBackDeveloperPreferencesActivity"
357-->src\main\AndroidManifest.xml:328:13-117
358            android:configChanges="orientation|screenSize"
358-->src\main\AndroidManifest.xml:329:13-59
359            android:exported="false"
359-->src\main\AndroidManifest.xml:330:13-37
360            android:label="@string/title_pref_category_developer_settings"
360-->src\main\AndroidManifest.xml:331:13-75
361            android:launchMode="singleTop"
361-->src\main\AndroidManifest.xml:332:13-43
362            android:taskAffinity="com.google.android.accessibility.talkback.SettingsAffinity"
362-->src\main\AndroidManifest.xml:333:13-94
363            android:theme="@style/TalkBackSettings" >
363-->src\main\AndroidManifest.xml:334:13-52
364
365            <!-- This preference activity can receive an implicit intent action -->
366            <intent-filter>
366-->src\main\AndroidManifest.xml:336:13-339:29
367                <action android:name=".TalkBackDeveloperPreferencesActivity" />
367-->src\main\AndroidManifest.xml:337:17-80
367-->src\main\AndroidManifest.xml:337:25-77
368
369                <category android:name="android.intent.category.DEFAULT" />
369-->src\main\AndroidManifest.xml:97:17-76
369-->src\main\AndroidManifest.xml:97:27-73
370            </intent-filter>
371        </activity>
372
373        <!-- TalkBack training -->
374        <activity
374-->src\main\AndroidManifest.xml:343:9-352:20